<?xml version="1.0" encoding="UTF-8"?>
<!-- Generated by org.testng.reporters.JUnitReportReporter -->
<testsuite skipped="0" hostname="BRIJB05" name="app.tests.TestCase1" tests="1" failures="0" timestamp="23 Apr 2018 08:25:36 GMT" time="0.067" errors="0">
  <testcase name="validation" time="0.067" classname="app.tests.TestCase1"/>
</testsuite> <!-- app.tests.TestCase1 -->
