<?xml version="1.0" encoding="UTF-8"?>
<!-- Generated by org.testng.reporters.JUnitReportReporter -->
<testsuite skipped="0" hostname="DESKTOP-RVQAI08" name="AutoHackathon.Tests.HackathonTest1" tests="1" failures="0" timestamp="16 Feb 2018 07:32:34 GMT" time="0.722" errors="0">
  <testcase name="validation" time="0.722" classname="AutoHackathon.Tests.HackathonTest1"/>
</testsuite> <!-- AutoHackathon.Tests.HackathonTest1 -->
