<?xml version="1.0" encoding="UTF-8"?>
<!-- Generated by org.testng.reporters.JUnitReportReporter -->
<testsuite skipped="0" hostname="BRIJB05" name="com.training.tests.CreateNewContract" tests="1" failures="0" timestamp="24 Apr 2018 18:40:04 GMT" time="80.730" errors="0">
  <testcase name="validation" time="80.730" classname="com.training.tests.CreateNewContract"/>
</testsuite> <!-- com.training.tests.CreateNewContract -->
