<?xml version="1.0" encoding="UTF-8"?>
<!-- Generated by org.testng.reporters.JUnitReportReporter -->
<testsuite skipped="0" hostname="PRADIPAT03" name="com.training.tests.SearchCustomer" tests="1" failures="0" timestamp="22 Aug 2018 10:31:41 GMT" time="3.374" errors="0">
  <testcase name="verify" time="3.374" classname="com.training.tests.SearchCustomer"/>
</testsuite> <!-- com.training.tests.SearchCustomer -->
