<?xml version="1.0" encoding="UTF-8"?>
<!-- Generated by org.testng.reporters.JUnitReportReporter -->
<testsuite skipped="0" hostname="VMALAKAR01" name="com.training.tests.recharge" tests="1" failures="0" timestamp="10 Sep 2018 11:48:11 GMT" time="3.103" errors="0">
  <testcase name="verify" time="3.103" classname="com.training.tests.recharge"/>
</testsuite> <!-- com.training.tests.recharge -->
