<?xml version="1.0" encoding="UTF-8"?>
<!-- Generated by org.testng.reporters.JUnitReportReporter -->
<testsuite skipped="0" hostname="BRIJB05" name="AutoHackathon.Tests.TC3" tests="1" failures="0" timestamp="20 Apr 2018 06:58:32 GMT" time="14.306" errors="0">
  <testcase name="validation" time="14.306" classname="AutoHackathon.Tests.TC3"/>
</testsuite> <!-- AutoHackathon.Tests.TC3 -->
