<?xml version="1.0" encoding="UTF-8"?>
<!-- Generated by org.testng.reporters.JUnitReportReporter -->
<testsuite skipped="0" hostname="VMALAKAR01" name="com.training.tests.recharge" tests="1" failures="0" timestamp="23 Aug 2018 07:20:17 GMT" time="3.075" errors="0">
  <testcase name="verify" time="3.075" classname="com.training.tests.recharge"/>
</testsuite> <!-- com.training.tests.recharge -->
