<?xml version="1.0" encoding="UTF-8"?>
<!-- Generated by org.testng.reporters.JUnitReportReporter -->
<testsuite skipped="0" hostname="VMALAKAR01" name="com.training.tests.SearchCustomer" tests="1" failures="0" timestamp="23 Aug 2018 06:06:43 GMT" time="2.865" errors="0">
  <testcase name="verify" time="2.865" classname="com.training.tests.SearchCustomer"/>
</testsuite> <!-- com.training.tests.SearchCustomer -->
