<?xml version="1.0" encoding="UTF-8"?>
<!-- Generated by org.testng.reporters.JUnitReportReporter -->
<testsuite skipped="0" hostname="VMALAKAR01" name="com.training.tests.recharge" tests="1" failures="0" timestamp="19 Sep 2018 08:37:13 GMT" time="3.396" errors="0">
  <testcase name="verify" time="3.396" classname="com.training.tests.recharge"/>
</testsuite> <!-- com.training.tests.recharge -->
